{
  "stats": {
    "suites": 1,
    "tests": 2,
    "passes": 2,
    "pending": 0,
    "failures": 0,
    "start": "2024-09-11T14:07:34.070Z",
    "end": "2024-09-11T14:07:42.453Z",
    "duration": 8383,
    "testsRegistered": 2,
    "passPercent": 100,
    "pendingPercent": 0,
    "other": 0,
    "hasOther": false,
    "skipped": 0,
    "hasSkipped": false
  },
  "results": [
    {
      "uuid": "56ce0187-cfdc-4262-a415-692d97312d99",
      "title": "",
      "fullFile": "cypress\\e2e\\Homepage.cy.js",
      "file": "cypress\\e2e\\Homepage.cy.js",
      "beforeHooks": [],
      "afterHooks": [],
      "tests": [],
      "suites": [
        {
          "uuid": "24db34bd-383a-4795-976c-a18fac9eccf8",
          "title": "Homepage",
          "fullFile": "",
          "file": "",
          "beforeHooks": [],
          "afterHooks": [],
          "tests": [
            {
              "title": "check the Homepage",
              "fullTitle": "Homepage check the Homepage",
              "timedOut": null,
              "duration": 2594,
              "state": "passed",
              "speed": "fast",
              "pass": true,
              "fail": false,
              "pending": false,
              "context": null,
              "code": "cy.url().should('include', 'demowebshop');\ncy.get('.header-logo img').should('be.visible').and('have.attr', 'alt', 'Tricentis Demo Web Shop');\ncy.get('.topic-html-content-header').should('contain.text', 'Welcome to our store');",
              "err": {},
              "uuid": "5f49d4ff-beb6-41f4-8bf1-3cbf9b4922e6",
              "parentUUID": "24db34bd-383a-4795-976c-a18fac9eccf8",
              "isHook": false,
              "skipped": false
            },
            {
              "title": "should display all product categories",
              "fullTitle": "Homepage should display all product categories",
              "timedOut": null,
              "duration": 1619,
              "state": "passed",
              "speed": "fast",
              "pass": true,
              "fail": false,
              "pending": false,
              "context": null,
              "code": "// Select the list of categories\ncy.get('.block-category-navigation .listbox ul.list').should('be.visible').find('li').should('have.length', 7);\nconst expectedCategories = ['Books', 'Computers', 'Electronics', 'Apparel & Shoes', 'Digital downloads', 'Jewelry', 'Gift Cards'];\ncy.get('.block-category-navigation .listbox ul.list li').each(($el, index) => {\n  // const categoryText = $el.text().trim();\n  /// cy.log(`${expectedCategories[index]} = ${categoryText}`)\n  cy.wrap($el).should('contain.text', expectedCategories[index]);\n});",
              "err": {},
              "uuid": "ed74eb8b-b4e9-4120-a965-5a29dc363af6",
              "parentUUID": "24db34bd-383a-4795-976c-a18fac9eccf8",
              "isHook": false,
              "skipped": false
            }
          ],
          "suites": [],
          "passes": [
            "5f49d4ff-beb6-41f4-8bf1-3cbf9b4922e6",
            "ed74eb8b-b4e9-4120-a965-5a29dc363af6"
          ],
          "failures": [],
          "pending": [],
          "skipped": [],
          "duration": 4213,
          "root": false,
          "rootEmpty": false,
          "_timeout": 2000
        }
      ],
      "passes": [],
      "failures": [],
      "pending": [],
      "skipped": [],
      "duration": 0,
      "root": true,
      "rootEmpty": true,
      "_timeout": 2000
    }
  ],
  "meta": {
    "mocha": {
      "version": "7.0.1"
    },
    "mochawesome": {
      "options": {
        "quiet": true,
        "reportFilename": "report",
        "saveHtml": false,
        "saveJson": true,
        "consoleReporter": "spec",
        "useInlineDiffs": false,
        "code": true
      },
      "version": "7.1.3"
    },
    "marge": {
      "options": {
        "reportDir": "cypress\\reports\\mochawesome-report\\.jsons",
        "reportFilename": "report",
        "quiet": true,
        "overwrite": false,
        "html": false,
        "json": true
      },
      "version": "6.2.0"
    }
  }
}